<?xml version="1.0" encoding="UTF-8"?>
<!-- Generated by org.testng.reporters.JUnitReportReporter -->
<testsuite hostname="Tans-MacBook-Pro.local" failures="0" tests="3" name="testng.FB_Login_DataProvider" time="47.513" errors="0" timestamp="2022-10-12T21:32:07 EDT" skipped="0">
  <testcase classname="testng.FB_Login_DataProvider" name="LoginTest" time="16.071"/>
  <system-out/>
  <testcase classname="testng.FB_Login_DataProvider" name="LoginTest" time="15.782"/>
  <system-out/>
  <testcase classname="testng.FB_Login_DataProvider" name="LoginTest" time="15.660"/>
  <system-out/>
</testsuite> <!-- testng.FB_Login_DataProvider -->
