<?xml version="1.0" encoding="UTF-8"?>
<!-- Generated by org.testng.reporters.JUnitReportReporter -->
<testsuite hostname="Tans-MBP.hsd1.nj.comcast.net" failures="0" tests="3" name="testng.TestNG_Session" time="0.025" errors="0" timestamp="2022-10-11T19:13:07 EDT" skipped="0">
  <testcase classname="testng.TestNG_Session" name="test3" time="0.008"/>
  <system-out/>
  <testcase classname="testng.TestNG_Session" name="f" time="0.007"/>
  <system-out/>
  <testcase classname="testng.TestNG_Session" name="test2" time="0.010"/>
  <system-out/>
</testsuite> <!-- testng.TestNG_Session -->
