<?xml version="1.0" encoding="UTF-8"?>
<!-- Generated by org.testng.reporters.JUnitReportReporter -->
<testsuite hostname="Tans-MacBook-Pro.local" failures="0" tests="3" name="testng.Providing" time="47.083" errors="0" timestamp="2022-10-12T20:06:15 EDT" skipped="0">
  <testcase classname="testng.Providing" name="LoginTest" time="15.635"/>
  <system-out/>
  <testcase classname="testng.Providing" name="LoginTest" time="15.645"/>
  <system-out/>
  <testcase classname="testng.Providing" name="LoginTest" time="15.803"/>
  <system-out/>
</testsuite> <!-- testng.Providing -->
