<?xml version="1.0" encoding="UTF-8"?>
<!-- Generated by org.testng.reporters.JUnitReportReporter -->
<testsuite hostname="Tans-MacBook-Pro.local" failures="0" tests="3" name="testng.FB_Login_DataProvider" time="48.830" errors="0" timestamp="2022-10-13T16:14:25 EDT" skipped="0">
  <testcase classname="testng.FB_Login_DataProvider" name="LoginTest" time="16.030"/>
  <system-out/>
  <testcase classname="testng.FB_Login_DataProvider" name="LoginTest" time="16.383"/>
  <system-out/>
  <testcase classname="testng.FB_Login_DataProvider" name="LoginTest" time="16.417"/>
  <system-out/>
</testsuite> <!-- testng.FB_Login_DataProvider -->
