<?xml version="1.0" encoding="UTF-8"?>
<!-- Generated by org.testng.reporters.JUnitReportReporter -->
<testsuite hostname="Tans-MBP.hsd1.nj.comcast.net" failures="0" tests="2" name="testng.KeysOfKeyboardTestNG" time="16.557" errors="0" timestamp="2022-10-11T20:27:04 EDT" skipped="0">
  <testcase classname="testng.KeysOfKeyboardTestNG" name="submitButton" time="9.510"/>
  <system-out/>
  <testcase classname="testng.KeysOfKeyboardTestNG" name="keyCommandsTest" time="7.047"/>
  <system-out/>
</testsuite> <!-- testng.KeysOfKeyboardTestNG -->
