<?xml version="1.0" encoding="UTF-8"?>
<!-- Generated by org.testng.reporters.JUnitReportReporter -->
<testsuite hostname="Tans-MacBook-Pro.local" failures="0" tests="1" name="ebay_TestNG.Ebay_ToysHobbiesPageTest" time="5.125" errors="0" timestamp="2022-10-18T18:31:02 EDT" skipped="0">
  <testcase classname="ebay_TestNG.Ebay_ToysHobbiesPageTest" name="toysHobbiesPageTest" time="5.125"/>
  <system-out/>
</testsuite> <!-- ebay_TestNG.Ebay_ToysHobbiesPageTest -->
