<?xml version="1.0" encoding="UTF-8"?>
<!-- Generated by org.testng.reporters.JUnitReportReporter -->
<testsuite hostname="Tans-MacBook-Pro.local" failures="0" tests="1" name="ebay_TestNG.Ebay_SearchTest" time="8.107" errors="0" timestamp="2022-10-18T18:31:02 EDT" skipped="0">
  <testcase classname="ebay_TestNG.Ebay_SearchTest" name="searchTest" time="8.107"/>
  <system-out/>
</testsuite> <!-- ebay_TestNG.Ebay_SearchTest -->
